TN:
SF:src\app.ts
FN:18,(anonymous_10)
FN:24,(anonymous_11)
FNF:2
FNH:1
FNDA:0,(anonymous_10)
FNDA:1,(anonymous_11)
DA:1,1
DA:2,1
DA:3,1
DA:4,1
DA:6,1
DA:8,1
DA:10,1
DA:11,1
DA:14,1
DA:16,1
DA:18,1
DA:19,0
DA:22,1
DA:24,1
DA:25,1
DA:28,1
LF:16
LH:15
BRDA:22,0,0,1
BRDA:22,0,1,0
BRF:2
BRH:1
end_of_record
TN:
SF:src\config\database.ts
FN:14,(anonymous_7)
FN:14,(anonymous_8)
FNF:2
FNH:2
FNDA:1,(anonymous_7)
FNDA:1,(anonymous_8)
DA:1,2
DA:3,2
DA:14,2
DA:15,1
DA:16,1
DA:17,1
DA:20,1
DA:21,1
DA:23,0
DA:24,0
DA:28,2
LF:11
LH:9
BRDA:4,0,0,2
BRDA:4,0,1,2
BRDA:5,1,0,2
BRDA:5,1,1,2
BRDA:6,2,0,2
BRDA:6,2,1,2
BRDA:8,3,0,2
BRDA:8,3,1,2
BRF:8
BRH:8
end_of_record
TN:
SF:src\controllers\text.controller.ts
FN:16,(anonymous_7)
FN:19,(anonymous_8)
FN:43,(anonymous_9)
FN:43,(anonymous_10)
FN:53,(anonymous_11)
FN:56,(anonymous_12)
FN:77,(anonymous_13)
FN:80,(anonymous_14)
FN:112,(anonymous_15)
FN:115,(anonymous_16)
FN:136,(anonymous_17)
FN:139,(anonymous_18)
FN:157,(anonymous_19)
FN:160,(anonymous_20)
FN:178,(anonymous_21)
FN:181,(anonymous_22)
FN:199,(anonymous_23)
FN:202,(anonymous_24)
FN:220,(anonymous_25)
FN:223,(anonymous_26)
FN:242,(anonymous_27)
FN:245,(anonymous_28)
FNF:22
FNH:12
FNDA:1,(anonymous_7)
FNDA:1,(anonymous_8)
FNDA:0,(anonymous_9)
FNDA:0,(anonymous_10)
FNDA:0,(anonymous_11)
FNDA:0,(anonymous_12)
FNDA:0,(anonymous_13)
FNDA:0,(anonymous_14)
FNDA:0,(anonymous_15)
FNDA:0,(anonymous_16)
FNDA:1,(anonymous_17)
FNDA:1,(anonymous_18)
FNDA:1,(anonymous_19)
FNDA:1,(anonymous_20)
FNDA:1,(anonymous_21)
FNDA:1,(anonymous_22)
FNDA:1,(anonymous_23)
FNDA:1,(anonymous_24)
FNDA:1,(anonymous_25)
FNDA:1,(anonymous_26)
FNDA:0,(anonymous_27)
FNDA:0,(anonymous_28)
DA:2,1
DA:16,1
DA:19,1
DA:20,1
DA:22,1
DA:23,0
DA:26,0
DA:29,1
DA:30,0
DA:31,0
DA:34,1
DA:35,1
DA:36,1
DA:38,0
DA:43,1
DA:44,0
DA:45,0
DA:46,0
DA:48,0
DA:53,1
DA:56,0
DA:57,0
DA:59,0
DA:60,0
DA:61,0
DA:64,0
DA:65,0
DA:66,0
DA:67,0
DA:68,0
DA:70,0
DA:72,0
DA:77,1
DA:80,0
DA:81,0
DA:82,0
DA:84,0
DA:85,0
DA:86,0
DA:89,0
DA:90,0
DA:91,0
DA:94,0
DA:95,0
DA:96,0
DA:99,0
DA:100,0
DA:101,0
DA:102,0
DA:103,0
DA:105,0
DA:107,0
DA:112,1
DA:115,0
DA:116,0
DA:118,0
DA:119,0
DA:120,0
DA:123,0
DA:124,0
DA:125,0
DA:126,0
DA:127,0
DA:129,0
DA:131,0
DA:136,1
DA:139,1
DA:140,1
DA:142,1
DA:143,1
DA:144,1
DA:145,0
DA:146,0
DA:149,1
DA:150,1
DA:152,0
DA:157,1
DA:160,1
DA:161,1
DA:163,1
DA:164,1
DA:165,1
DA:166,0
DA:167,0
DA:170,1
DA:171,1
DA:173,0
DA:178,1
DA:181,1
DA:182,1
DA:184,1
DA:185,1
DA:186,1
DA:187,0
DA:188,0
DA:191,1
DA:192,1
DA:194,0
DA:199,1
DA:202,1
DA:203,1
DA:205,1
DA:206,1
DA:207,1
DA:208,0
DA:209,0
DA:212,1
DA:213,1
DA:215,0
DA:220,1
DA:223,1
DA:224,1
DA:226,1
DA:227,1
DA:228,1
DA:229,0
DA:230,0
DA:233,1
DA:234,1
DA:235,1
DA:237,0
DA:242,1
DA:245,0
DA:246,0
DA:247,0
DA:248,0
DA:249,0
DA:250,0
DA:251,0
DA:254,0
DA:255,0
DA:256,0
DA:257,0
DA:258,0
DA:260,0
DA:268,0
LF:136
LH:55
BRDA:22,0,0,0
BRDA:22,1,0,1
BRDA:22,1,1,1
BRDA:29,2,0,0
BRDA:29,3,0,1
BRDA:29,3,1,1
BRDA:59,4,0,0
BRDA:59,5,0,0
BRDA:59,5,1,0
BRDA:66,6,0,0
BRDA:84,7,0,0
BRDA:84,8,0,0
BRDA:84,8,1,0
BRDA:89,9,0,0
BRDA:94,10,0,0
BRDA:101,11,0,0
BRDA:118,12,0,0
BRDA:118,13,0,0
BRDA:118,13,1,0
BRDA:125,14,0,0
BRDA:144,15,0,0
BRDA:165,16,0,0
BRDA:186,17,0,0
BRDA:207,18,0,0
BRDA:228,19,0,0
BRDA:249,20,0,0
BRF:26
BRH:4
end_of_record
TN:
SF:src\middlewares\validator.ts
FN:4,(anonymous_0)
FN:5,(anonymous_1)
FN:10,(anonymous_2)
FNF:3
FNH:2
FNDA:12,(anonymous_0)
FNDA:6,(anonymous_1)
FNDA:0,(anonymous_2)
DA:4,1
DA:5,12
DA:6,6
DA:7,6
DA:9,6
DA:10,0
DA:11,0
DA:12,0
DA:15,6
LF:9
LH:6
BRDA:9,0,0,0
BRF:1
BRH:0
end_of_record
TN:
SF:src\models\text.model.ts
FNF:0
FNH:0
DA:1,2
DA:2,2
DA:12,2
DA:36,2
LF:4
LH:4
BRF:0
BRH:0
end_of_record
TN:
SF:src\routes\routes.text.ts
FNF:0
FNH:0
DA:1,1
DA:2,1
DA:15,1
DA:16,1
DA:22,1
DA:24,1
DA:27,1
DA:28,1
DA:29,1
DA:30,1
DA:36,1
DA:39,1
DA:44,1
DA:49,1
DA:54,1
DA:59,1
DA:64,1
DA:70,1
LF:18
LH:18
BRF:0
BRH:0
end_of_record
TN:
SF:src\services\text.service.ts
FN:4,(anonymous_8)
FN:5,(anonymous_9)
FN:10,(anonymous_10)
FN:16,(anonymous_11)
FN:17,(anonymous_12)
FN:22,(anonymous_13)
FN:23,(anonymous_14)
FN:28,(anonymous_15)
FN:29,(anonymous_16)
FN:31,(anonymous_17)
FN:34,(anonymous_18)
FN:35,(anonymous_19)
FN:41,(anonymous_20)
FN:52,(anonymous_21)
FN:52,(anonymous_22)
FN:57,(anonymous_23)
FN:57,(anonymous_24)
FN:62,(anonymous_25)
FN:62,(anonymous_26)
FN:67,(anonymous_27)
FN:67,(anonymous_28)
FN:77,(anonymous_29)
FN:77,(anonymous_30)
FNF:23
FNH:17
FNDA:5,(anonymous_8)
FNDA:73,(anonymous_9)
FNDA:5,(anonymous_10)
FNDA:5,(anonymous_11)
FNDA:14,(anonymous_12)
FNDA:5,(anonymous_13)
FNDA:5,(anonymous_14)
FNDA:6,(anonymous_15)
FNDA:7,(anonymous_16)
FNDA:7,(anonymous_17)
FNDA:90,(anonymous_18)
FNDA:90,(anonymous_19)
FNDA:4,(anonymous_20)
FNDA:1,(anonymous_21)
FNDA:1,(anonymous_22)
FNDA:0,(anonymous_23)
FNDA:0,(anonymous_24)
FNDA:5,(anonymous_25)
FNDA:5,(anonymous_26)
FNDA:0,(anonymous_27)
FNDA:0,(anonymous_28)
FNDA:0,(anonymous_29)
FNDA:0,(anonymous_30)
DA:1,2
DA:4,2
DA:5,73
DA:6,5
DA:10,2
DA:11,5
DA:12,5
DA:16,2
DA:17,14
DA:18,5
DA:22,2
DA:23,5
DA:24,5
DA:28,2
DA:29,7
DA:30,6
DA:32,7
DA:33,7
DA:34,90
DA:35,90
DA:41,2
DA:42,4
DA:52,2
DA:53,1
DA:57,2
DA:58,0
DA:62,5
DA:63,5
DA:67,2
DA:68,0
DA:69,0
DA:71,0
DA:72,0
DA:73,0
DA:77,2
DA:78,0
DA:79,0
DA:81,0
DA:82,0
LF:39
LH:29
BRDA:69,0,0,0
BRDA:79,1,0,0
BRF:2
BRH:0
end_of_record
TN:
SF:src\validators\text.crud.validator.ts
FNF:0
FNH:0
DA:1,1
DA:3,1
DA:14,1
DA:21,1
DA:27,1
DA:34,1
LF:6
LH:6
BRF:0
BRH:0
end_of_record
